<?xml version="1.0" encoding="UTF-8"?>
<!-- Generated by org.testng.reporters.JUnitXMLReporter -->
<testsuite ignored="0" hostname="LAPTOP-9AMLQAV6" failures="0" tests="4" name="Edge Test" time="46.258" errors="0" timestamp="2022-02-08T13:30:01 IST">
  <testcase classname="Testngvox.Amazone" name="signin" time="6.863"/>
  <testcase classname="Testngvox.Amazone" name="email" time="1.582"/>
  <testcase classname="Testngvox.Amazone" name="pswrd" time="0.336"/>
  <testcase classname="Testngvox.Amazone" name="search" time="18.745"/>
</testsuite> <!-- Edge Test -->
