<?xml version="1.0" encoding="UTF-8"?>
<!-- Generated by org.testng.reporters.JUnitXMLReporter -->
<testsuite ignored="0" hostname="LAPTOP-9AMLQAV6" failures="0" tests="5" name="Edge Test" time="234.057" errors="0" timestamp="2022-02-11T13:07:28 IST">
  <testcase classname="Testngvox.Amazone" name="signin" time="27.169"/>
  <testcase classname="Testngvox.Amazone" name="email" time="11.767"/>
  <testcase classname="Testngvox.Amazone" name="pswrd" time="1.44"/>
  <testcase classname="Testngvox.Amazone" name="search" time="52.864"/>
  <testcase classname="Testngvox.Amazone" name="mob" time="40.525"/>
</testsuite> <!-- Edge Test -->
