<?xml version="1.0" encoding="UTF-8"?>
<!-- Generated by org.testng.reporters.JUnitXMLReporter -->
<testsuite ignored="0" hostname="LAPTOP-9AMLQAV6" failures="0" tests="4" name="Test" time="30.244" errors="0" timestamp="2022-02-08T13:29:12 IST">
  <testcase classname="Testngvox.Amazone" name="signin" time="3.875"/>
  <testcase classname="Testngvox.Amazone" name="email" time="1.318"/>
  <testcase classname="Testngvox.Amazone" name="pswrd" time="0.347"/>
  <testcase classname="Testngvox.Amazone" name="search" time="9.945"/>
</testsuite> <!-- Test -->
