<?xml version="1.0" encoding="UTF-8"?>
<!-- Generated by org.testng.reporters.JUnitXMLReporter -->
<testsuite ignored="0" hostname="LAPTOP-9AMLQAV6" failures="0" tests="5" name="Test" time="142.883" errors="0" timestamp="2022-02-11T13:03:29 IST">
  <testcase classname="Testngvox.Amazone" name="signin" time="9.516"/>
  <testcase classname="Testngvox.Amazone" name="email" time="4.197"/>
  <testcase classname="Testngvox.Amazone" name="pswrd" time="0.517"/>
  <testcase classname="Testngvox.Amazone" name="search" time="27.141"/>
  <testcase classname="Testngvox.Amazone" name="mob" time="66.925"/>
</testsuite> <!-- Test -->
