<?xml version="1.0" encoding="UTF-8"?>
<testng-results ignored="0" total="10" passed="10" failed="0" skipped="0">
  <reporter-output>
  </reporter-output>
  <suite started-at="2022-02-11T13:01:02 IST" name="Suite" finished-at="2022-02-11T13:07:28 IST" duration-ms="385947">
    <groups>
    </groups>
    <test started-at="2022-02-11T13:01:02 IST" name="Test" finished-at="2022-02-11T13:03:25 IST" duration-ms="142883">
      <class name="Testngvox.Amazone">
        <test-method is-config="true" signature="setup(java.lang.String)[pri:0, instance:Testngvox.Amazone@659a969b]" started-at="2022-02-11T13:01:02 IST" name="setup" finished-at="2022-02-11T13:01:37 IST" duration-ms="34501" status="PASS">
          <params>
            <param index="0">
              <value>
                <![CDATA[chrome]]>
              </value>
            </param>
          </params>
          <reporter-output>
          </reporter-output>
        </test-method> <!-- setup -->
        <test-method signature="signin()[pri:0, instance:Testngvox.Amazone@659a969b]" started-at="2022-02-11T13:01:37 IST" name="signin" finished-at="2022-02-11T13:01:46 IST" duration-ms="9516" status="PASS">
          <reporter-output>
          </reporter-output>
        </test-method> <!-- signin -->
        <test-method signature="email(java.lang.String)[pri:1, instance:Testngvox.Amazone@659a969b]" started-at="2022-02-11T13:01:46 IST" name="email" finished-at="2022-02-11T13:01:50 IST" duration-ms="4197" status="PASS">
          <params>
            <param index="0">
              <value>
                <![CDATA[6282178113]]>
              </value>
            </param>
          </params>
          <reporter-output>
          </reporter-output>
        </test-method> <!-- email -->
        <test-method signature="pswrd(java.lang.String)[pri:2, instance:Testngvox.Amazone@659a969b]" started-at="2022-02-11T13:01:50 IST" name="pswrd" finished-at="2022-02-11T13:01:51 IST" duration-ms="517" status="PASS">
          <params>
            <param index="0">
              <value>
                <![CDATA[flipmeesho@456]]>
              </value>
            </param>
          </params>
          <reporter-output>
          </reporter-output>
        </test-method> <!-- pswrd -->
        <test-method signature="search()[pri:3, instance:Testngvox.Amazone@659a969b]" started-at="2022-02-11T13:01:51 IST" name="search" finished-at="2022-02-11T13:02:18 IST" duration-ms="27141" status="PASS">
          <reporter-output>
          </reporter-output>
        </test-method> <!-- search -->
        <test-method signature="mob()[pri:4, instance:Testngvox.Amazone@659a969b]" started-at="2022-02-11T13:02:18 IST" name="mob" finished-at="2022-02-11T13:03:25 IST" duration-ms="66925" status="PASS">
          <reporter-output>
          </reporter-output>
        </test-method> <!-- mob -->
      </class> <!-- Testngvox.Amazone -->
    </test> <!-- Test -->
    <test started-at="2022-02-11T13:03:34 IST" name="Edge Test" finished-at="2022-02-11T13:07:28 IST" duration-ms="234057">
      <class name="Testngvox.Amazone">
        <test-method is-config="true" signature="setup(java.lang.String)[pri:0, instance:Testngvox.Amazone@1cbbffcd]" started-at="2022-02-11T13:03:34 IST" name="setup" finished-at="2022-02-11T13:05:14 IST" duration-ms="100259" status="PASS">
          <params>
            <param index="0">
              <value>
                <![CDATA[edge]]>
              </value>
            </param>
          </params>
          <reporter-output>
          </reporter-output>
        </test-method> <!-- setup -->
        <test-method signature="signin()[pri:0, instance:Testngvox.Amazone@1cbbffcd]" started-at="2022-02-11T13:05:14 IST" name="signin" finished-at="2022-02-11T13:05:41 IST" duration-ms="27169" status="PASS">
          <reporter-output>
          </reporter-output>
        </test-method> <!-- signin -->
        <test-method signature="email(java.lang.String)[pri:1, instance:Testngvox.Amazone@1cbbffcd]" started-at="2022-02-11T13:05:41 IST" name="email" finished-at="2022-02-11T13:05:53 IST" duration-ms="11767" status="PASS">
          <params>
            <param index="0">
              <value>
                <![CDATA[6282178113]]>
              </value>
            </param>
          </params>
          <reporter-output>
          </reporter-output>
        </test-method> <!-- email -->
        <test-method signature="pswrd(java.lang.String)[pri:2, instance:Testngvox.Amazone@1cbbffcd]" started-at="2022-02-11T13:05:53 IST" name="pswrd" finished-at="2022-02-11T13:05:55 IST" duration-ms="1440" status="PASS">
          <params>
            <param index="0">
              <value>
                <![CDATA[flipmeesho@456]]>
              </value>
            </param>
          </params>
          <reporter-output>
          </reporter-output>
        </test-method> <!-- pswrd -->
        <test-method signature="search()[pri:3, instance:Testngvox.Amazone@1cbbffcd]" started-at="2022-02-11T13:05:55 IST" name="search" finished-at="2022-02-11T13:06:48 IST" duration-ms="52864" status="PASS">
          <reporter-output>
          </reporter-output>
        </test-method> <!-- search -->
        <test-method signature="mob()[pri:4, instance:Testngvox.Amazone@1cbbffcd]" started-at="2022-02-11T13:06:48 IST" name="mob" finished-at="2022-02-11T13:07:28 IST" duration-ms="40525" status="PASS">
          <reporter-output>
          </reporter-output>
        </test-method> <!-- mob -->
      </class> <!-- Testngvox.Amazone -->
    </test> <!-- Edge Test -->
  </suite> <!-- Suite -->
</testng-results>
