<?xml version="1.0" encoding="UTF-8"?>
<!-- Generated by org.testng.reporters.JUnitXMLReporter -->
<testsuite ignored="0" hostname="LAPTOP-9AMLQAV6" failures="0" tests="5" name="Edge Test" time="118.109" errors="0" timestamp="2022-02-14T15:45:55 IST">
  <testcase classname="Test.Hometest" name="signtest" time="6.72"/>
  <testcase classname="Test.Hometest" name="emailtest" time="2.201"/>
  <testcase classname="Test.Hometest" name="passtest" time="0.194"/>
  <testcase classname="Test.Hometest" name="searchest" time="36.491"/>
  <testcase classname="Test.Hometest" name="cartest" time="55.676"/>
</testsuite> <!-- Edge Test -->
