<?xml version="1.0" encoding="UTF-8"?>
<!-- Generated by org.testng.reporters.JUnitXMLReporter -->
<testsuite ignored="0" hostname="LAPTOP-9AMLQAV6" failures="0" tests="5" name="Test" time="59.911" errors="0" timestamp="2022-02-14T15:43:56 IST">
  <testcase classname="Test.Hometest" name="signtest" time="7.576"/>
  <testcase classname="Test.Hometest" name="emailtest" time="2.12"/>
  <testcase classname="Test.Hometest" name="passtest" time="0.2"/>
  <testcase classname="Test.Hometest" name="searchest" time="11.715"/>
  <testcase classname="Test.Hometest" name="cartest" time="25.811"/>
</testsuite> <!-- Test -->
